Information: KiotaBuilder Cleaning output directory /home/mintu-ubuntu/coding/interledger/rust-kioto/kiota-rust/examples/github-releases/src
Debug: KiotaBuilder kiota version 1.31.0
Information: KiotaBuilder loaded description from local source
Debug: KiotaBuilder step 1 - reading the stream - took 00:00:00.0109586
Debug: KiotaBuilder step 2 - parsing the document - took 00:00:00.1347797
Debug: KiotaBuilder step 3 - updating generation configuration from kiota extension - took 00:00:00.0003325
Debug: KiotaBuilder step 4 - filtering API paths with patterns - took 00:00:00.0038565
Information: KiotaBuilder Client root URL set to https://api.github.com
Debug: KiotaBuilder step 5 - checking whether the output should be updated - took 00:00:00.0313388
Debug: KiotaBuilder step 6 - create uri space - took 00:00:00.0046238
Debug: KiotaBuilder InitializeInheritanceIndex 00:00:00.0043344
Debug: KiotaBuilder CreateRequestBuilderClass 00:00:00
Debug: KiotaBuilder MapTypeDefinitions 00:00:00.0073405
Debug: KiotaBuilder TrimInheritedModels 00:00:00
Debug: KiotaBuilder CleanUpInternalState 00:00:00
Debug: KiotaBuilder step 7 - create source model - took 00:00:00.1189468
Debug: KiotaBuilder 32ms: Language refinement applied
Debug: KiotaBuilder step 8 - refine by language - took 00:00:00.0381104
Debug: KiotaBuilder step 9 - writing files - took 00:00:00.0346054
Information: KiotaBuilder loaded description from local source
Debug: KiotaBuilder step 10 - writing lock file - took 00:00:00.0154526
Debug: KiotaBuilder Api manifest path: /home/mintu-ubuntu/coding/interledger/rust-kioto/kiota/apimanifest.json
