Information: KiotaBuilder Cleaning output directory /home/mintu-ubuntu/coding/interledger/rust-kioto/kiota-rust/examples/posts/src
Debug: KiotaBuilder kiota version 1.31.0
Information: KiotaBuilder loaded description from local source
Debug: KiotaBuilder step 1 - reading the stream - took 00:00:00.0118370
Debug: KiotaBuilder step 2 - parsing the document - took 00:00:00.1468145
Debug: KiotaBuilder step 3 - updating generation configuration from kiota extension - took 00:00:00.0001786
Debug: KiotaBuilder step 4 - filtering API paths with patterns - took 00:00:00.0031186
Information: KiotaBuilder Client root URL set to https://jsonplaceholder.typicode.com
Debug: KiotaBuilder step 5 - checking whether the output should be updated - took 00:00:00.0360703
Debug: KiotaBuilder step 6 - create uri space - took 00:00:00.0055234
Debug: KiotaBuilder InitializeInheritanceIndex 00:00:00.0049598
Debug: KiotaBuilder CreateRequestBuilderClass 00:00:00
Debug: KiotaBuilder MapTypeDefinitions 00:00:00.0090336
Debug: KiotaBuilder TrimInheritedModels 00:00:00
Debug: KiotaBuilder CleanUpInternalState 00:00:00
Debug: KiotaBuilder step 7 - create source model - took 00:00:00.1232062
Debug: KiotaBuilder 38ms: Language refinement applied
Debug: KiotaBuilder step 8 - refine by language - took 00:00:00.0428010
Debug: KiotaBuilder step 9 - writing files - took 00:00:00.0357853
Information: KiotaBuilder loaded description from local source
Debug: KiotaBuilder step 10 - writing lock file - took 00:00:00.0213775
Debug: KiotaBuilder Api manifest path: /home/mintu-ubuntu/coding/interledger/rust-kioto/kiota/apimanifest.json
