Information: KiotaBuilder Cleaning output directory /home/mintu-ubuntu/coding/interledger/rust-kioto/kiota-rust/generated/src
Debug: KiotaBuilder kiota version 1.31.0
Information: KiotaBuilder loaded description from local source
Debug: KiotaBuilder step 1 - reading the stream - took 00:00:00.0135763
Debug: KiotaBuilder step 2 - parsing the document - took 00:00:00.1320173
Debug: KiotaBuilder step 3 - updating generation configuration from kiota extension - took 00:00:00.0002187
Debug: KiotaBuilder step 4 - filtering API paths with patterns - took 00:00:00.0031328
Information: KiotaBuilder Client root URL set to https://jsonplaceholder.typicode.com
Debug: KiotaBuilder step 5 - checking whether the output should be updated - took 00:00:00.0339717
Debug: KiotaBuilder step 6 - create uri space - took 00:00:00.0050450
Debug: KiotaBuilder InitializeInheritanceIndex 00:00:00.0048484
Debug: KiotaBuilder CreateRequestBuilderClass 00:00:00
Debug: KiotaBuilder MapTypeDefinitions 00:00:00.0070784
Debug: KiotaBuilder TrimInheritedModels 00:00:00
Debug: KiotaBuilder CleanUpInternalState 00:00:00
Debug: KiotaBuilder step 7 - create source model - took 00:00:00.1296963
Debug: KiotaBuilder 32ms: Language refinement applied
Debug: KiotaBuilder step 8 - refine by language - took 00:00:00.0364945
Debug: KiotaBuilder step 9 - writing files - took 00:00:00.0304191
Information: KiotaBuilder loaded description from local source
Debug: KiotaBuilder step 10 - writing lock file - took 00:00:00.0180100
Debug: KiotaBuilder Api manifest path: /home/mintu-ubuntu/coding/interledger/rust-kioto/kiota/apimanifest.json
